  droplet.cpp
C:\Users\sfg99\Code\GitHub\Simulation-Physics-Droplet\droplet.cpp(9,1): error C2653: 'Droplet': is not a class or namespace name
C:\Users\sfg99\Code\GitHub\Simulation-Physics-Droplet\droplet.cpp(10,1): error C4430: missing type specifier - int assumed. Note: C++ does not support default-int
C:\Users\sfg99\Code\GitHub\Simulation-Physics-Droplet\droplet.cpp(11,5): error C2065: 'contact_radius': undeclared identifier
C:\Users\sfg99\Code\GitHub\Simulation-Physics-Droplet\droplet.cpp(12,5): error C2065: 'contact_radius_cubed': undeclared identifier
C:\Users\sfg99\Code\GitHub\Simulation-Physics-Droplet\droplet.cpp(13,5): error C2065: 'volume_expected': undeclared identifier
C:\Users\sfg99\Code\GitHub\Simulation-Physics-Droplet\droplet.cpp(14,5): error C2065: 'volume_ratio': undeclared identifier
C:\Users\sfg99\Code\GitHub\Simulation-Physics-Droplet\droplet.cpp(14,39): error C2065: 'contact_radius_cubed': undeclared identifier
C:\Users\sfg99\Code\GitHub\Simulation-Physics-Droplet\droplet.cpp(15,1): warning C4508: 'Droplet': function should return a value; 'void' return type assumed
  fmath.cpp
  main.cpp
C:\Users\sfg99\Code\GitHub\Simulation-Physics-Droplet\node.h(10,20): error C2065: 'Node': undeclared identifier
C:\Users\sfg99\Code\GitHub\Simulation-Physics-Droplet\node.h(10,25): error C2146: syntax error: missing ')' before identifier 'node1'
C:\Users\sfg99\Code\GitHub\Simulation-Physics-Droplet\node.h(11,19): error C4430: missing type specifier - int assumed. Note: C++ does not support default-int
C:\Users\sfg99\Code\GitHub\Simulation-Physics-Droplet\node.h(11,6): error C2146: syntax error: missing ';' before identifier 'cross_product'
C:\Users\sfg99\Code\GitHub\Simulation-Physics-Droplet\substrate.h(29,27): error C2061: syntax error: identifier 'Node'
C:\Users\sfg99\Code\GitHub\Simulation-Physics-Droplet\substrate.h(30,27): error C2061: syntax error: identifier 'Node'
C:\Users\sfg99\Code\GitHub\Simulation-Physics-Droplet\mesh.h(11,10): fatal  error C1083: Cannot open include file: 'droplet.h': No such file or directory
  mesh.cpp
C:\Users\sfg99\Code\GitHub\Simulation-Physics-Droplet\mesh.cpp(9,10): fatal  error C1083: Cannot open include file: 'fmath.h': No such file or directory
  mesh_print.cpp
C:\Users\sfg99\Code\GitHub\Simulation-Physics-Droplet\node.h(10,20): error C2065: 'Node': undeclared identifier
C:\Users\sfg99\Code\GitHub\Simulation-Physics-Droplet\node.h(10,25): error C2146: syntax error: missing ')' before identifier 'node1'
C:\Users\sfg99\Code\GitHub\Simulation-Physics-Droplet\node.h(11,19): error C4430: missing type specifier - int assumed. Note: C++ does not support default-int
C:\Users\sfg99\Code\GitHub\Simulation-Physics-Droplet\node.h(11,6): error C2146: syntax error: missing ';' before identifier 'cross_product'
C:\Users\sfg99\Code\GitHub\Simulation-Physics-Droplet\substrate.h(29,27): error C2061: syntax error: identifier 'Node'
C:\Users\sfg99\Code\GitHub\Simulation-Physics-Droplet\substrate.h(30,27): error C2061: syntax error: identifier 'Node'
C:\Users\sfg99\Code\GitHub\Simulation-Physics-Droplet\mesh.h(11,10): fatal  error C1083: Cannot open include file: 'droplet.h': No such file or directory
  timing.cpp
  substrate.cpp
C:\Users\sfg99\Code\GitHub\Simulation-Physics-Droplet\node.h(10,20): error C2065: 'Node': undeclared identifier
C:\Users\sfg99\Code\GitHub\Simulation-Physics-Droplet\node.h(10,25): error C2146: syntax error: missing ')' before identifier 'node1'
C:\Users\sfg99\Code\GitHub\Simulation-Physics-Droplet\node.h(11,19): error C4430: missing type specifier - int assumed. Note: C++ does not support default-int
C:\Users\sfg99\Code\GitHub\Simulation-Physics-Droplet\node.h(11,6): error C2146: syntax error: missing ';' before identifier 'cross_product'
C:\Users\sfg99\Code\GitHub\Simulation-Physics-Droplet\substrate.h(29,27): error C2061: syntax error: identifier 'Node'
C:\Users\sfg99\Code\GitHub\Simulation-Physics-Droplet\substrate.h(30,27): error C2061: syntax error: identifier 'Node'
C:\Users\sfg99\Code\GitHub\Simulation-Physics-Droplet\substrate.cpp(16,39): error C2761: 'bool Substrate::slips_on_printed(void)': redeclaration of member is not allowed
C:\Users\sfg99\Code\GitHub\Simulation-Physics-Droplet\substrate.cpp(16,39): error C2146: syntax error: missing ')' before identifier 'node'
C:\Users\sfg99\Code\GitHub\Simulation-Physics-Droplet\substrate.cpp(17,1): error C2143: syntax error: missing ';' before '{'
C:\Users\sfg99\Code\GitHub\Simulation-Physics-Droplet\substrate.cpp(17,1): error C2447: '{': missing function header (old-style formal list?)
C:\Users\sfg99\Code\GitHub\Simulation-Physics-Droplet\substrate.cpp(48,39): error C2761: 'bool Substrate::slips_on_surface(void)': redeclaration of member is not allowed
C:\Users\sfg99\Code\GitHub\Simulation-Physics-Droplet\substrate.cpp(48,39): error C2146: syntax error: missing ')' before identifier 'node'
C:\Users\sfg99\Code\GitHub\Simulation-Physics-Droplet\substrate.cpp(49,1): error C2143: syntax error: missing ';' before '{'
C:\Users\sfg99\Code\GitHub\Simulation-Physics-Droplet\substrate.cpp(49,1): error C2447: '{': missing function header (old-style formal list?)
  node.cpp
C:\Users\sfg99\Code\GitHub\Simulation-Physics-Droplet\node.h(10,20): error C2065: 'Node': undeclared identifier
C:\Users\sfg99\Code\GitHub\Simulation-Physics-Droplet\node.h(10,25): error C2146: syntax error: missing ')' before identifier 'node1'
C:\Users\sfg99\Code\GitHub\Simulation-Physics-Droplet\node.h(11,19): error C4430: missing type specifier - int assumed. Note: C++ does not support default-int
C:\Users\sfg99\Code\GitHub\Simulation-Physics-Droplet\node.h(11,6): error C2146: syntax error: missing ';' before identifier 'cross_product'
C:\Users\sfg99\Code\GitHub\Simulation-Physics-Droplet\node.cpp(79,5): error C2143: syntax error: missing ';' before '&'
C:\Users\sfg99\Code\GitHub\Simulation-Physics-Droplet\node.cpp(79,5): error C4430: missing type specifier - int assumed. Note: C++ does not support default-int
C:\Users\sfg99\Code\GitHub\Simulation-Physics-Droplet\node.cpp(79,1): error C2086: 'int Node': redefinition
C:\Users\sfg99\Code\GitHub\Simulation-Physics-Droplet\node.h(11): message : see declaration of 'Node'
C:\Users\sfg99\Code\GitHub\Simulation-Physics-Droplet\node.cpp(80,1): error C2761: 'Node &Node::operator =(const Node &)': redeclaration of member is not allowed
C:\Users\sfg99\Code\GitHub\Simulation-Physics-Droplet\node.cpp(80,1): error C2059: syntax error: '{'
C:\Users\sfg99\Code\GitHub\Simulation-Physics-Droplet\node.cpp(80,1): error C2143: syntax error: missing ';' before '{'
C:\Users\sfg99\Code\GitHub\Simulation-Physics-Droplet\node.cpp(80,1): error C2447: '{': missing function header (old-style formal list?)
C:\Users\sfg99\Code\GitHub\Simulation-Physics-Droplet\node.cpp(96,13): error C2143: syntax error: missing ';' before 'Node::operator +'
C:\Users\sfg99\Code\GitHub\Simulation-Physics-Droplet\node.cpp(96,23): error C4430: missing type specifier - int assumed. Note: C++ does not support default-int
C:\Users\sfg99\Code\GitHub\Simulation-Physics-Droplet\node.cpp(96,1): error C2086: 'int Node': redefinition
C:\Users\sfg99\Code\GitHub\Simulation-Physics-Droplet\node.h(11): message : see declaration of 'Node'
C:\Users\sfg99\Code\GitHub\Simulation-Physics-Droplet\node.cpp(97,1): error C4430: missing type specifier - int assumed. Note: C++ does not support default-int
C:\Users\sfg99\Code\GitHub\Simulation-Physics-Droplet\node.cpp(97,1): error C2556: 'int Node::operator +(const Node &)': overloaded function differs only by return type from 'Node Node::operator +(const Node &)'
C:\Users\sfg99\Code\GitHub\Simulation-Physics-Droplet\node.h(25): message : see declaration of 'Node::operator +'
C:\Users\sfg99\Code\GitHub\Simulation-Physics-Droplet\node.cpp(96,13): error C2371: 'Node::operator +': redefinition; different basic types
C:\Users\sfg99\Code\GitHub\Simulation-Physics-Droplet\node.h(25): message : see declaration of 'Node::operator +'
C:\Users\sfg99\Code\GitHub\Simulation-Physics-Droplet\node.cpp(108,5): error C2143: syntax error: missing ';' before '&'
C:\Users\sfg99\Code\GitHub\Simulation-Physics-Droplet\node.cpp(108,5): error C4430: missing type specifier - int assumed. Note: C++ does not support default-int
C:\Users\sfg99\Code\GitHub\Simulation-Physics-Droplet\node.cpp(108,1): error C2086: 'int Node': redefinition
C:\Users\sfg99\Code\GitHub\Simulation-Physics-Droplet\node.h(11): message : see declaration of 'Node'
C:\Users\sfg99\Code\GitHub\Simulation-Physics-Droplet\node.cpp(109,1): error C2761: 'Node &Node::operator +=(const Node &)': redeclaration of member is not allowed
C:\Users\sfg99\Code\GitHub\Simulation-Physics-Droplet\node.cpp(109,1): error C2059: syntax error: '{'
C:\Users\sfg99\Code\GitHub\Simulation-Physics-Droplet\node.cpp(109,1): error C2143: syntax error: missing ';' before '{'
C:\Users\sfg99\Code\GitHub\Simulation-Physics-Droplet\node.cpp(109,1): error C2447: '{': missing function header (old-style formal list?)
C:\Users\sfg99\Code\GitHub\Simulation-Physics-Droplet\node.cpp(124,13): error C2143: syntax error: missing ';' before 'Node::operator -'
C:\Users\sfg99\Code\GitHub\Simulation-Physics-Droplet\node.cpp(124,23): error C4430: missing type specifier - int assumed. Note: C++ does not support default-int
C:\Users\sfg99\Code\GitHub\Simulation-Physics-Droplet\node.cpp(124,1): error C2086: 'int Node': redefinition
C:\Users\sfg99\Code\GitHub\Simulation-Physics-Droplet\node.h(11): message : see declaration of 'Node'
C:\Users\sfg99\Code\GitHub\Simulation-Physics-Droplet\node.cpp(125,1): error C4430: missing type specifier - int assumed. Note: C++ does not support default-int
C:\Users\sfg99\Code\GitHub\Simulation-Physics-Droplet\node.cpp(125,1): error C2556: 'int Node::operator -(const Node &)': overloaded function differs only by return type from 'Node Node::operator -(const Node &)'
C:\Users\sfg99\Code\GitHub\Simulation-Physics-Droplet\node.h(27): message : see declaration of 'Node::operator -'
C:\Users\sfg99\Code\GitHub\Simulation-Physics-Droplet\node.cpp(124,13): error C2371: 'Node::operator -': redefinition; different basic types
C:\Users\sfg99\Code\GitHub\Simulation-Physics-Droplet\node.h(27): message : see declaration of 'Node::operator -'
C:\Users\sfg99\Code\GitHub\Simulation-Physics-Droplet\node.cpp(136,5): error C2143: syntax error: missing ';' before '&'
C:\Users\sfg99\Code\GitHub\Simulation-Physics-Droplet\node.cpp(136,5): error C4430: missing type specifier - int assumed. Note: C++ does not support default-int
C:\Users\sfg99\Code\GitHub\Simulation-Physics-Droplet\node.cpp(136,1): error C2086: 'int Node': redefinition
C:\Users\sfg99\Code\GitHub\Simulation-Physics-Droplet\node.h(11): message : see declaration of 'Node'
C:\Users\sfg99\Code\GitHub\Simulation-Physics-Droplet\node.cpp(137,1): error C2761: 'Node &Node::operator -=(const Node &)': redeclaration of member is not allowed
C:\Users\sfg99\Code\GitHub\Simulation-Physics-Droplet\node.cpp(137,1): error C2059: syntax error: '{'
C:\Users\sfg99\Code\GitHub\Simulation-Physics-Droplet\node.cpp(137,1): error C2143: syntax error: missing ';' before '{'
C:\Users\sfg99\Code\GitHub\Simulation-Physics-Droplet\node.cpp(137,1): error C2447: '{': missing function header (old-style formal list?)
C:\Users\sfg99\Code\GitHub\Simulation-Physics-Droplet\node.cpp(153,13): error C2143: syntax error: missing ';' before 'Node::operator *'
C:\Users\sfg99\Code\GitHub\Simulation-Physics-Droplet\node.cpp(153,23): error C4430: missing type specifier - int assumed. Note: C++ does not support default-int
C:\Users\sfg99\Code\GitHub\Simulation-Physics-Droplet\node.cpp(153,1): error C2086: 'int Node': redefinition
C:\Users\sfg99\Code\GitHub\Simulation-Physics-Droplet\node.h(11): message : see declaration of 'Node'
C:\Users\sfg99\Code\GitHub\Simulation-Physics-Droplet\node.cpp(154,1): error C4430: missing type specifier - int assumed. Note: C++ does not support default-int
C:\Users\sfg99\Code\GitHub\Simulation-Physics-Droplet\node.cpp(154,1): error C2556: 'int Node::operator *(double)': overloaded function differs only by return type from 'Node Node::operator *(double)'
C:\Users\sfg99\Code\GitHub\Simulation-Physics-Droplet\node.h(29): message : see declaration of 'Node::operator *'
C:\Users\sfg99\Code\GitHub\Simulation-Physics-Droplet\node.cpp(153,13): error C2371: 'Node::operator *': redefinition; different basic types
C:\Users\sfg99\Code\GitHub\Simulation-Physics-Droplet\node.h(29): message : see declaration of 'Node::operator *'
C:\Users\sfg99\Code\GitHub\Simulation-Physics-Droplet\node.cpp(165,5): error C2143: syntax error: missing ';' before '&'
C:\Users\sfg99\Code\GitHub\Simulation-Physics-Droplet\node.cpp(165,5): error C4430: missing type specifier - int assumed. Note: C++ does not support default-int
C:\Users\sfg99\Code\GitHub\Simulation-Physics-Droplet\node.cpp(165,1): error C2086: 'int Node': redefinition
C:\Users\sfg99\Code\GitHub\Simulation-Physics-Droplet\node.h(11): message : see declaration of 'Node'
C:\Users\sfg99\Code\GitHub\Simulation-Physics-Droplet\node.cpp(166,1): error C2761: 'Node &Node::operator *=(double)': redeclaration of member is not allowed
C:\Users\sfg99\Code\GitHub\Simulation-Physics-Droplet\node.cpp(166,1): error C2059: syntax error: '{'
C:\Users\sfg99\Code\GitHub\Simulation-Physics-Droplet\node.cpp(166,1): error C2143: syntax error: missing ';' before '{'
C:\Users\sfg99\Code\GitHub\Simulation-Physics-Droplet\node.cpp(166,1): error C2447: '{': missing function header (old-style formal list?)
C:\Users\sfg99\Code\GitHub\Simulation-Physics-Droplet\node.cpp(182,13): error C2143: syntax error: missing ';' before 'Node::operator /'
C:\Users\sfg99\Code\GitHub\Simulation-Physics-Droplet\node.cpp(182,23): error C4430: missing type specifier - int assumed. Note: C++ does not support default-int
C:\Users\sfg99\Code\GitHub\Simulation-Physics-Droplet\node.cpp(182,1): error C2086: 'int Node': redefinition
C:\Users\sfg99\Code\GitHub\Simulation-Physics-Droplet\node.h(11): message : see declaration of 'Node'
C:\Users\sfg99\Code\GitHub\Simulation-Physics-Droplet\node.cpp(183,1): error C4430: missing type specifier - int assumed. Note: C++ does not support default-int
C:\Users\sfg99\Code\GitHub\Simulation-Physics-Droplet\node.cpp(183,1): error C2556: 'int Node::operator /(double)': overloaded function differs only by return type from 'Node Node::operator /(double)'
C:\Users\sfg99\Code\GitHub\Simulation-Physics-Droplet\node.h(31): message : see declaration of 'Node::operator /'
C:\Users\sfg99\Code\GitHub\Simulation-Physics-Droplet\node.cpp(182,13): error C2371: 'Node::operator /': redefinition; different basic types
C:\Users\sfg99\Code\GitHub\Simulation-Physics-Droplet\node.h(31): message : see declaration of 'Node::operator /'
C:\Users\sfg99\Code\GitHub\Simulation-Physics-Droplet\node.cpp(196,5): error C2143: syntax error: missing ';' before '&'
C:\Users\sfg99\Code\GitHub\Simulation-Physics-Droplet\node.cpp(196,5): error C4430: missing type specifier - int assumed. Note: C++ does not support default-int
C:\Users\sfg99\Code\GitHub\Simulation-Physics-Droplet\node.cpp(196,1): error C2086: 'int Node': redefinition
C:\Users\sfg99\Code\GitHub\Simulation-Physics-Droplet\node.h(11): message : see declaration of 'Node'
C:\Users\sfg99\Code\GitHub\Simulation-Physics-Droplet\node.cpp(197,1): error C2761: 'Node &Node::operator /=(double)': redeclaration of member is not allowed
C:\Users\sfg99\Code\GitHub\Simulation-Physics-Droplet\node.cpp(197,1): error C2059: syntax error: '{'
C:\Users\sfg99\Code\GitHub\Simulation-Physics-Droplet\node.cpp(197,1): error C2143: syntax error: missing ';' before '{'
C:\Users\sfg99\Code\GitHub\Simulation-Physics-Droplet\node.cpp(197,1): error C2447: '{': missing function header (old-style formal list?)
C:\Users\sfg99\Code\GitHub\Simulation-Physics-Droplet\node.cpp(212,5): error C2143: syntax error: missing ';' before '&'
C:\Users\sfg99\Code\GitHub\Simulation-Physics-Droplet\node.cpp(212,5): error C4430: missing type specifier - int assumed. Note: C++ does not support default-int
C:\Users\sfg99\Code\GitHub\Simulation-Physics-Droplet\node.cpp(212,1): error C2086: 'int Node': redefinition
C:\Users\sfg99\Code\GitHub\Simulation-Physics-Droplet\node.h(11): message : see declaration of 'Node'
C:\Users\sfg99\Code\GitHub\Simulation-Physics-Droplet\node.cpp(212,25): error C2761: 'Node &Node::normalize(void)': redeclaration of member is not allowed
C:\Users\sfg99\Code\GitHub\Simulation-Physics-Droplet\node.cpp(212,25): error C2059: syntax error: '{'
C:\Users\sfg99\Code\GitHub\Simulation-Physics-Droplet\node.cpp(212,25): error C2143: syntax error: missing ';' before '{'
C:\Users\sfg99\Code\GitHub\Simulation-Physics-Droplet\node.cpp(212,25): error C2447: '{': missing function header (old-style formal list?)
C:\Users\sfg99\Code\GitHub\Simulation-Physics-Droplet\node.cpp(229,12): error C2143: syntax error: missing ';' before 'Node::proj'
C:\Users\sfg99\Code\GitHub\Simulation-Physics-Droplet\node.cpp(229,16): error C4430: missing type specifier - int assumed. Note: C++ does not support default-int
C:\Users\sfg99\Code\GitHub\Simulation-Physics-Droplet\node.cpp(229,1): error C2086: 'int Node': redefinition
C:\Users\sfg99\Code\GitHub\Simulation-Physics-Droplet\node.h(11): message : see declaration of 'Node'
C:\Users\sfg99\Code\GitHub\Simulation-Physics-Droplet\node.cpp(230,1): error C4430: missing type specifier - int assumed. Note: C++ does not support default-int
C:\Users\sfg99\Code\GitHub\Simulation-Physics-Droplet\node.cpp(230,1): error C2556: 'int Node::proj(Node)': overloaded function differs only by return type from 'Node Node::proj(Node)'
C:\Users\sfg99\Code\GitHub\Simulation-Physics-Droplet\node.h(36): message : see declaration of 'Node::proj'
C:\Users\sfg99\Code\GitHub\Simulation-Physics-Droplet\node.cpp(229,12): error C2371: 'Node::proj': redefinition; different basic types
C:\Users\sfg99\Code\GitHub\Simulation-Physics-Droplet\node.h(36): message : see declaration of 'Node::proj'
C:\Users\sfg99\Code\GitHub\Simulation-Physics-Droplet\node.cpp(231,18): error C2064: term does not evaluate to a function taking 2 arguments
C:\Users\sfg99\Code\GitHub\Simulation-Physics-Droplet\node.cpp(232,22): error C2264: 'Node::operator *': error in function definition or declaration; function not called
C:\Users\sfg99\Code\GitHub\Simulation-Physics-Droplet\node.cpp(232,14): error C2088: '*': illegal for struct
C:\Users\sfg99\Code\GitHub\Simulation-Physics-Droplet\node.cpp(268,8): error C2374: 'dot_product': redefinition; multiple initialization
C:\Users\sfg99\Code\GitHub\Simulation-Physics-Droplet\node.h(10): message : see declaration of 'dot_product'
C:\Users\sfg99\Code\GitHub\Simulation-Physics-Droplet\node.cpp(268,25): error C2146: syntax error: missing ')' before identifier 'node1'
C:\Users\sfg99\Code\GitHub\Simulation-Physics-Droplet\node.cpp(269,1): error C2143: syntax error: missing ';' before '{'
C:\Users\sfg99\Code\GitHub\Simulation-Physics-Droplet\node.cpp(269,1): error C2447: '{': missing function header (old-style formal list?)
C:\Users\sfg99\Code\GitHub\Simulation-Physics-Droplet\node.cpp(282,19): error C4430: missing type specifier - int assumed. Note: C++ does not support default-int
C:\Users\sfg99\Code\GitHub\Simulation-Physics-Droplet\node.cpp(282,1): error C2086: 'int Node': redefinition
C:\Users\sfg99\Code\GitHub\Simulation-Physics-Droplet\node.h(11): message : see declaration of 'Node'
C:\Users\sfg99\Code\GitHub\Simulation-Physics-Droplet\node.cpp(282,6): error C2146: syntax error: missing ';' before identifier 'cross_product'
C:\Users\sfg99\Code\GitHub\Simulation-Physics-Droplet\node.cpp(283,1): error C2143: syntax error: missing ';' before '{'
C:\Users\sfg99\Code\GitHub\Simulation-Physics-Droplet\node.cpp(283,1): error C2447: '{': missing function header (old-style formal list?)
  Generating Code...
